\BOOKMARK [1][-]{Section.0.Introduction.1}{Introduction}{}
\BOOKMARK [1][-]{Section.1.Models and software.1}{Models and software}{}
\BOOKMARK [2][-]{Subsection.2.0.Generalized linear models.2}{Generalized linear models}{Section.1.Models and software.1}
\BOOKMARK [3][-]{Subsubsection.2.1.0.Model frame.3}{Model frame}{Subsection.2.0.Generalized linear models.2}
\BOOKMARK [3][-]{Subsubsection.2.1.1.Poisson model.3}{Poisson model}{Subsection.2.0.Generalized linear models.2}
\BOOKMARK [3][-]{Subsubsection.2.1.2.Quasi-Poisson model.3}{Quasi-Poisson model}{Subsection.2.0.Generalized linear models.2}
\BOOKMARK [3][-]{Subsubsection.2.1.3.Negative binomial models.3}{Negative binomial models}{Subsection.2.0.Generalized linear models.2}
\BOOKMARK [2][-]{Subsection.2.1.Zero-inflated models.2}{Zero-inflated models}{Section.1.Models and software.1}
\BOOKMARK [2][-]{Subsection.2.2.Hurdle models.2}{Hurdle models}{Section.1.Models and software.1}
\BOOKMARK [1][-]{Section.2.Application and illustrations.1}{Application and illustrations}{}
\BOOKMARK [2][-]{Subsection.3.0.Demand for medical care by the elderly.2}{Demand for medical care by the elderly}{Section.2.Application and illustrations.1}
\BOOKMARK [2][-]{Subsection.3.1.Poisson regression.2}{Poisson regression}{Section.2.Application and illustrations.1}
\BOOKMARK [2][-]{Subsection.3.2.Quasi-Poisson regression.2}{Quasi-Poisson regression}{Section.2.Application and illustrations.1}
\BOOKMARK [2][-]{Subsection.3.3.Negative binomial regression.2}{Negative binomial regression}{Section.2.Application and illustrations.1}
\BOOKMARK [2][-]{Subsection.3.4.Hurdle regression.2}{Hurdle regression}{Section.2.Application and illustrations.1}
\BOOKMARK [2][-]{Subsection.3.5.Zero-inflated regression.2}{Zero-inflated regression}{Section.2.Application and illustrations.1}
\BOOKMARK [2][-]{Subsection.3.6.Comparison.2}{Comparison}{Section.2.Application and illustrations.1}
\BOOKMARK [1][-]{Section.3.Summary.1}{Summary}{}
\BOOKMARK [1][-]{Section..Technical details for zero-inflated models.1}{Technical details for zero-inflated models}{}
\BOOKMARK [1][-]{Section.A.Technical details for hurdle models.1}{Technical details for hurdle models}{}
\BOOKMARK [1][-]{Section.B.Methods for fitted zero-inflated and hurdle models.1}{Methods for fitted zero-inflated and hurdle models}{}
\BOOKMARK [1][-]{Section.C.Replication of textbook results.1}{Replication of textbook results}{}
