This is pdfeTeXk, Version 3.141592-1.30.4-2.2 (Web2C 7.5.5) (format=pdflatex 2006.11.26)  12 MAY 2007 15:14
entering extended mode
 file:line:error style messages enabled.
**\nonstopmode \input /Users/jackman/Documents/Projects/pscl/trunk/pscl/inst/do
c/countreg.tex
(/Users/jackman/Documents/Projects/pscl/trunk/pscl/inst/doc/countreg.tex
(/Users/jackman/Library/texmf/tex/latex/mytexinputs/misc/Z.cls
Document Class: Z 2007/02/12 1.2 Z class by Achim Zeileis
(/usr/local/teTeX/share/texmf.local/tex/latex/base/article.cls
Document Class: article 2005/09/16 v1.4f Standard LaTeX document class
(/usr/local/teTeX/share/texmf.local/tex/latex/base/size10.clo
File: size10.clo 2005/09/16 v1.4f Standard LaTeX file (size option)
)
\c@part=\count79
\c@section=\count80
\c@subsection=\count81
\c@subsubsection=\count82
\c@paragraph=\count83
\c@subparagraph=\count84
\c@figure=\count85
\c@table=\count86
\abovecaptionskip=\skip41
\belowcaptionskip=\skip42
\bibindent=\dimen102
)
(/usr/local/teTeX/share/texmf.local/tex/latex/graphics/graphicx.sty
Package: graphicx 1999/02/16 v1.0f Enhanced LaTeX Graphics (DPC,SPQR)

(/usr/local/teTeX/share/texmf.local/tex/latex/graphics/keyval.sty
Package: keyval 1999/03/16 v1.13 key=value parser (DPC)
\KV@toks@=\toks14
)
(/usr/local/teTeX/share/texmf.local/tex/latex/graphics/graphics.sty
Package: graphics 2006/02/20 v1.0o Standard LaTeX Graphics (DPC,SPQR)

(/usr/local/teTeX/share/texmf.local/tex/latex/graphics/trig.sty
Package: trig 1999/03/16 v1.09 sin cos tan (DPC)
)
(/usr/local/teTeX/share/texmf.tetex/tex/latex/graphics/graphics.cfg
File: graphics.cfg 2005/02/03 v1.3 graphics configuration of teTeX/TeXLive
)
Package graphics Info: Driver file: pdftex.def on input line 90.

(/usr/local/teTeX/share/texmf.tetex/tex/latex/graphics/pdftex.def
File: pdftex.def 2002/06/19 v0.03k graphics/color for pdftex
\Gread@gobject=\count87
))
\Gin@req@height=\dimen103
\Gin@req@width=\dimen104
)
(/usr/local/teTeX/share/texmf.tetex/tex/latex/a4wide/a4wide.sty
Package: a4wide 1994/08/30

(/usr/local/teTeX/share/texmf.tetex/tex/latex/ntgclass/a4.sty
Package: a4 2004/04/15 v1.2g A4 based page layout
))
(/usr/local/teTeX/share/texmf.local/tex/latex/graphics/color.sty
Package: color 2005/11/14 v1.0j Standard LaTeX Color (DPC)

(/usr/local/teTeX/share/texmf.tetex/tex/latex/graphics/color.cfg
File: color.cfg 2005/02/03 v1.3 color configuration of teTeX/TeXLive
)
Package color Info: Driver file: pdftex.def on input line 130.
)
(/usr/local/teTeX/share/texmf.tetex/tex/latex/hyperref/hyperref.sty
Package: hyperref 2003/11/30 v6.74m Hypertext links for LaTeX
\@linkdim=\dimen105
\Hy@linkcounter=\count88
\Hy@pagecounter=\count89

(/usr/local/teTeX/share/texmf.tetex/tex/latex/hyperref/pd1enc.def
File: pd1enc.def 2003/11/30 v6.74m Hyperref: PDFDocEncoding definition (HO)
)
(/usr/local/teTeX/share/texmf.tetex/tex/latex/hyperref/hyperref.cfg
File: hyperref.cfg 2002/06/06 v1.2 hyperref configuration of TeXLive and teTeX
)
Package hyperref Info: Hyper figures OFF on input line 1880.
Package hyperref Info: Link nesting OFF on input line 1885.
Package hyperref Info: Hyper index ON on input line 1888.
Package hyperref Info: Plain pages ON on input line 1893.
Package hyperref Info: Backreferencing OFF on input line 1900.

Implicit mode ON; LaTeX internals redefined
Package hyperref Info: Bookmarks ON on input line 2004.
(/usr/local/teTeX/share/texmf.tetex/tex/latex/url/url.sty
\Urlmuskip=\muskip10
Package: url 2004/03/15  ver 3.1  Verb mode for urls, etc.
)
LaTeX Info: Redefining \url on input line 2143.
\Fld@menulength=\count90
\Field@Width=\dimen106
\Fld@charsize=\dimen107
\Choice@toks=\toks15
\Field@toks=\toks16
Package hyperref Info: Hyper figures OFF on input line 2618.
Package hyperref Info: Link nesting OFF on input line 2623.
Package hyperref Info: Hyper index ON on input line 2626.
Package hyperref Info: backreferencing OFF on input line 2633.
Package hyperref Info: Link coloring OFF on input line 2638.
\c@Item=\count91
\c@Hfootnote=\count92
)
*hyperref using default driver hpdftex*
(/usr/local/teTeX/share/texmf.tetex/tex/latex/hyperref/hpdftex.def
File: hpdftex.def 2003/11/30 v6.74m Hyperref driver for pdfTeX

(/usr/local/teTeX/share/texmf.tetex/tex/latex/psnfss/pifont.sty
Package: pifont 2004/09/15 PSNFSS-v9.2 Pi font support (SPQR) 
LaTeX Font Info:    Try loading font information for U+pzd on input line 63.

(/usr/local/teTeX/share/texmf.tetex/tex/latex/psnfss/upzd.fd
File: upzd.fd 2001/06/04 font definitions for U/pzd.
)
LaTeX Font Info:    Try loading font information for U+psy on input line 64.

(/usr/local/teTeX/share/texmf.tetex/tex/latex/psnfss/upsy.fd
File: upsy.fd 2001/06/04 font definitions for U/psy.
))
\Fld@listcount=\count93
\@outlinefile=\write3
)
(/usr/local/teTeX/share/texmf.tetex/tex/latex/ae/ae.sty
Package: ae 2001/02/12 1.3 Almost European Computer Modern

(/usr/local/teTeX/share/texmf.local/tex/latex/base/fontenc.sty
Package: fontenc 2005/09/27 v1.99g Standard LaTeX package

(/usr/local/teTeX/share/texmf.local/tex/latex/base/t1enc.def
File: t1enc.def 2005/09/27 v1.99g Standard LaTeX file
LaTeX Font Info:    Redeclaring font encoding T1 on input line 43.
)
LaTeX Font Info:    Try loading font information for T1+aer on input line 100.

(/usr/local/teTeX/share/texmf.tetex/tex/latex/ae/t1aer.fd
File: t1aer.fd 1997/11/16 Font definitions for T1/aer.
)))
(/usr/local/teTeX/share/texmf.tetex/tex/latex/fancyvrb/fancyvrb.sty
Package: fancyvrb 1998/07/17

Style option: `fancyvrb' v2.6, with DG/SPQR fixes <1998/07/17> (tvz)
\FV@CodeLineNo=\count94
\FV@InFile=\read1
\FV@TabBox=\box26
\c@FancyVerbLine=\count95
\FV@StepNumber=\count96
\FV@OutFile=\write4

No file fancyvrb.cfg.
) (/usr/local/teTeX/share/texmf.tetex/tex/generic/thumbpdf/thumbpdf.sty
Package: thumbpdf 2005/07/06 v3.8 Inclusion of thumbnails (HO)
\c@thumb=\count97

(./countreg.tpt))
(/usr/local/teTeX/share/texmf.local/tex/latex/base/fontenc.sty
Package: fontenc 2005/09/27 v1.99g Standard LaTeX package

(/usr/local/teTeX/share/texmf.local/tex/latex/base/t1enc.def
File: t1enc.def 2005/09/27 v1.99g Standard LaTeX file
LaTeX Font Info:    Redeclaring font encoding T1 on input line 43.
))
(/usr/local/teTeX/share/texmf.tetex/tex/latex/natbib/natbib.sty
Package: natbib 2003/06/06 7.1 (PWD)
\bibhang=\skip43
\bibsep=\skip44
LaTeX Info: Redefining \cite on input line 518.
\c@NAT@ctr=\count98
)
\preXLskip=\skip45
\preLskip=\skip46
\preMskip=\skip47
\preSskip=\skip48
\postMskip=\skip49
\postSskip=\skip50


Package hyperref Warning: Option `hyperindex' has already been used,
(hyperref)                setting the option has no effect on input line 219.

Package hyperref Info: Option `colorlinks' set `true' on input line 219.
Package hyperref Info: Option `linktocpage' set `true' on input line 219.
Package hyperref Info: Option `plainpages' set `false' on input line 219.
) (./countreg.aux)
\openout1 = `countreg.aux'.

LaTeX Font Info:    Checking defaults for OML/cmm/m/it on input line 39.
LaTeX Font Info:    ... okay on input line 39.
LaTeX Font Info:    Checking defaults for T1/cmr/m/n on input line 39.
LaTeX Font Info:    ... okay on input line 39.
LaTeX Font Info:    Checking defaults for OT1/cmr/m/n on input line 39.
LaTeX Font Info:    ... okay on input line 39.
LaTeX Font Info:    Checking defaults for OMS/cmsy/m/n on input line 39.
LaTeX Font Info:    ... okay on input line 39.
LaTeX Font Info:    Checking defaults for OMX/cmex/m/n on input line 39.
LaTeX Font Info:    ... okay on input line 39.
LaTeX Font Info:    Checking defaults for U/cmr/m/n on input line 39.
LaTeX Font Info:    ... okay on input line 39.
LaTeX Font Info:    Checking defaults for PD1/pdf/m/n on input line 39.
LaTeX Font Info:    ... okay on input line 39.

(/usr/local/teTeX/share/texmf.local/tex/context/base/supp-pdf.tex
[Loading MPS to PDF converter (version 2006.09.02).]
\scratchcounter=\count99
\scratchdimen=\dimen108
\scratchbox=\box27
\nofMPsegments=\count100
\nofMParguments=\count101
\MPscratchCnt=\count102
\MPscratchDim=\dimen109
\MPnumerator=\count103
\everyMPtoPDFconversion=\toks17
)
Package hyperref Info: Link coloring ON on input line 39.
 (/usr/local/teTeX/share/texmf.tetex/tex/latex/hyperref/nameref.sty
Package: nameref 2003/12/03 v2.21 Cross-referencing by name of section
\c@section@level=\count104
)
LaTeX Info: Redefining \ref on input line 39.
LaTeX Info: Redefining \pageref on input line 39.

(./countreg.out) (./countreg.out)
\openout3 = `countreg.out'.

LaTeX Font Info:    Try loading font information for T1+aess on input line 39.

(/usr/local/teTeX/share/texmf.tetex/tex/latex/ae/t1aess.fd
File: t1aess.fd 1997/11/16 Font definitions for T1/aess.
)
LaTeX Font Info:    External font `cmex10' loaded for size
(Font)              <7> on input line 39.
LaTeX Font Info:    External font `cmex10' loaded for size
(Font)              <5> on input line 39.
LaTeX Font Info:    Try loading font information for T1+aett on input line 39.

(/usr/local/teTeX/share/texmf.tetex/tex/latex/ae/t1aett.fd
File: t1aett.fd 1997/11/16 Font definitions for T1/aett.
) [1

{/Users/jackman/Library/texmf/fonts/map/pdftex/updmap/pdftex.map}]
Overfull \hbox (5.0pt too wide) has occurred while \output is active
[]\T1/aer/m/n/10 2 []
 []

[2]
LaTeX Font Info:    External font `cmex10' loaded for size
(Font)              <8> on input line 200.
LaTeX Font Info:    External font `cmex10' loaded for size
(Font)              <6> on input line 200.

Overfull \hbox (5.0pt too wide) has occurred while \output is active
[][] \T1/aer/m/n/10 3
 []

[3]
Overfull \hbox (5.0pt too wide) has occurred while \output is active
[]\T1/aer/m/n/10 4 []
 []

[4]
Overfull \hbox (5.0pt too wide) has occurred while \output is active
[][] \T1/aer/m/n/10 5
 []

[5]
Overfull \hbox (5.0pt too wide) has occurred while \output is active
[]\T1/aer/m/n/10 6 []
 []

[6] <countreg-ofp-plot2.pdf, id=340, 433.62pt x 361.35pt>
File: countreg-ofp-plot2.pdf Graphic file (type pdf)

<use countreg-ofp-plot2.pdf>
<countreg-bad-good.pdf, id=341, 578.16pt x 325.215pt>
File: countreg-bad-good.pdf Graphic file (type pdf)

<use countreg-bad-good.pdf>
Overfull \hbox (5.0pt too wide) has occurred while \output is active
[][] \T1/aer/m/n/10 7
 []

[7]
Overfull \hbox (5.0pt too wide) has occurred while \output is active
[]\T1/aer/m/n/10 8 []
 []

[8 <./countreg-ofp-plot2.pdf> <./countreg-bad-good.pdf>]
<countreg-ofp2-plot1.pdf, id=377, 578.16pt x 794.97pt>
File: countreg-ofp2-plot1.pdf Graphic file (type pdf)

<use countreg-ofp2-plot1.pdf>
Overfull \hbox (5.0pt too wide) has occurred while \output is active
[][] \T1/aer/m/n/10 9
 []

[9]
Overfull \hbox (10.0pt too wide) has occurred while \output is active
[]\T1/aer/m/n/10 10 []
 []

[10 <./countreg-ofp2-plot1.pdf>]
Overfull \hbox (10.0pt too wide) has occurred while \output is active
[][] \T1/aer/m/n/10 11
 []

[11]
Overfull \hbox (10.0pt too wide) has occurred while \output is active
[]\T1/aer/m/n/10 12 []
 []

[12]
Overfull \hbox (10.0pt too wide) has occurred while \output is active
[][] \T1/aer/m/n/10 13
 []

[13]
Overfull \hbox (10.0pt too wide) has occurred while \output is active
[]\T1/aer/m/n/10 14 []
 []

[14]
Overfull \hbox (10.0pt too wide) has occurred while \output is active
[][] \T1/aer/m/n/10 15
 []

[15]
Overfull \hbox (10.0pt too wide) has occurred while \output is active
[]\T1/aer/m/n/10 16 []
 []

[16]
Overfull \hbox (10.0pt too wide) has occurred while \output is active
[][] \T1/aer/m/n/10 17
 []

[17] (./countreg.bbl
LaTeX Font Info:    Font shape `T1/aess/m/it' in size <10> not available
(Font)              Font shape `T1/aess/m/sl' tried instead on input line 24.

Overfull \hbox (10.0pt too wide) has occurred while \output is active
[]\T1/aer/m/n/10 18 []
 []

[18

])
Overfull \hbox (10.0pt too wide) has occurred while \output is active
[][] \T1/aer/m/n/10 19
 []

[19]
Overfull \hbox (10.0pt too wide) has occurred while \output is active
[]\T1/aer/m/n/10 20 []
 []

[20]
Overfull \hbox (10.0pt too wide) has occurred while \output is active
[][] \T1/aer/m/n/10 21
 []

[21] (./countreg.aux) ) 
Here is how much of TeX's memory you used:
 3899 strings out of 95206
 61393 string characters out of 1184876
 2099150 words of memory out of 4554152
 6825 multiletter control sequences out of 10000+50000
 57782 words of font info for 106 fonts, out of 2000000 for 2000
 22 hyphenation exceptions out of 5000
 35i,9n,34p,325b,319s stack positions out of 5000i,500n,6000p,200000b,40000s
PDF statistics:
 463 PDF objects out of 300000
 97 named destinations out of 131072
 284 words of extra memory for PDF output out of 10000
</usr/local/teTeX/share/texmf.tetex/fonts/type1/bluesky/
cm/cmbx10.pfb></usr/local/teTeX/share/texmf.tetex/fonts/type1/bluesky/cm/cmsltt
10.pfb></usr/local/teTeX/share/texmf.tetex/fonts/type1/bluesky/cm/cmr5.pfb></us
r/local/teTeX/share/texmf.tetex/fonts/type1/bluesky/cm/cmmi6.pfb></usr/local/te
TeX/share/texmf.tetex/fonts/type1/bluesky/cm/cmsy6.pfb></usr/local/teTeX/share/
texmf.tetex/fonts/type1/bluesky/cm/cmmi8.pfb></usr/local/teTeX/share/texmf.tete
x/fonts/type1/bluesky/cm/cmr8.pfb></usr/local/teTeX/share/texmf.tetex/fonts/typ
e1/bluesky/cm/cmr6.pfb></usr/local/teTeX/share/texmf.tetex/fonts/type1/bluesky/
cm/cmr7.pfb></usr/local/teTeX/share/texmf.tetex/fonts/type1/bluesky/cm/cmsy7.pf
b></usr/local/teTeX/share/texmf.tetex/fonts/type1/bluesky/cm/cmex10.pfb></usr/l
ocal/teTeX/share/texmf.tetex/fonts/type1/bluesky/cm/cmsy10.pfb></usr/local/teTe
X/share/texmf.tetex/fonts/type1/bluesky/cm/cmmi7.pfb></usr/local/teTeX/share/te
xmf.tetex/fonts/type1/bluesky/cm/cmmi10.pfb></usr/local/teTeX/share/texmf.tetex
/fonts/type1/bluesky/cm/cmti12.pfb></usr/local/teTeX/share/texmf.tetex/fonts/ty
pe1/bluesky/cm/cmssi10.pfb></usr/local/teTeX/share/texmf.tetex/fonts/type1/blue
sky/cm/cmsl10.pfb></usr/local/teTeX/share/texmf.tetex/fonts/type1/bluesky/cm/cm
tt10.pfb></usr/local/teTeX/share/texmf.tetex/fonts/type1/bluesky/cm/cmss10.pfb>
</usr/local/teTeX/share/texmf.tetex/fonts/type1/bluesky/cm/cmti10.pfb></usr/loc
al/teTeX/share/texmf.tetex/fonts/type1/bluesky/cm/cmb10.pfb></usr/local/teTeX/s
hare/texmf.tetex/fonts/type1/bluesky/cm/cmtt9.pfb></usr/local/teTeX/share/texmf
.tetex/fonts/type1/bluesky/cm/cmss9.pfb></usr/local/teTeX/share/texmf.tetex/fon
ts/type1/bluesky/cm/cmr9.pfb></usr/local/teTeX/share/texmf.tetex/fonts/type1/bl
uesky/cm/cmbx9.pfb></usr/local/teTeX/share/texmf.tetex/fonts/type1/bluesky/cm/c
mr10.pfb></usr/local/teTeX/share/texmf.tetex/fonts/type1/bluesky/cm/cmssbx10.pf
b></usr/local/teTeX/share/texmf.tetex/fonts/type1/bluesky/cm/cmbx12.pfb>
Output written on countreg.pdf (21 pages, 675889 bytes).
